Start Mon Feb 5 15:40:13 UTC 2024
Disk: sd0	geometry: 121601/255/63 [1953525168 Sectors]
Offset: 0	Signature: 0x0
            Starting         Ending         LBA Info:
 #: id      C   H   S -      C   H   S [       start:        size ]
-------------------------------------------------------------------------------
 0: 00      0   0   0 -      0   0   0 [           0:           0 ] Unused
 1: 00      0   0   0 -      0   0   0 [           0:           0 ] Unused
 2: 00      0   0   0 -      0   0   0 [           0:           0 ] Unused
 3: 00      0   0   0 -      0   0   0 [           0:           0 ] Unused
# /dev/rsd0c:
type: SCSI
disk: SCSI disk
label: TOSHIBA MQ04ABF1
duid: af7c77d45730808e
flags:
bytes/sector: 512
sectors/track: 63
tracks/cylinder: 255
sectors/cylinder: 16065
cylinders: 121601
total sectors: 1953525168
boundstart: 0
boundend: 1953525168

16 partitions:
#                size           offset  fstype [fsize bsize   cpg]
  a:       1953525120                0  4.2BSD   8192 65536     1 
  c:       1953525168                0  unused                    
/dev/rsd0a: 953869.7MB in 1953525120 sectors of 512 bytes
292 cylinder groups of 3266.88MB, 52270 blocks, 104704 inodes each
super-block backups (for fsck -b #) at:
 256, 6690816, 13381376, 20071936, 26762496, 33453056, 40143616, 46834176,
 53524736, 60215296, 66905856, 73596416, 80286976, 86977536, 93668096,
 100358656, 107049216, 113739776, 120430336, 127120896, 133811456, 140502016,
 147192576, 153883136, 160573696, 167264256, 173954816, 180645376, 187335936,
 194026496, 200717056, 207407616, 214098176, 220788736, 227479296, 234169856,
 240860416, 247550976, 254241536, 260932096, 267622656, 274313216, 281003776,
 287694336, 294384896, 301075456, 307766016, 314456576, 321147136, 327837696,
 334528256, 341218816, 347909376, 354599936, 361290496, 367981056, 374671616,
 381362176, 388052736, 394743296, 401433856, 408124416, 414814976, 421505536,
 428196096, 434886656, 441577216, 448267776, 454958336, 461648896, 468339456,
 475030016, 481720576, 488411136, 495101696, 501792256, 508482816, 515173376,
 521863936, 528554496, 535245056, 541935616, 548626176, 555316736, 562007296,
 568697856, 575388416, 582078976, 588769536, 595460096, 602150656, 608841216,
 615531776, 622222336, 628912896, 635603456, 642294016, 648984576, 655675136,
 662365696, 669056256, 675746816, 682437376, 689127936, 695818496, 702509056,
 709199616, 715890176, 722580736, 729271296, 735961856, 742652416, 749342976,
 756033536, 762724096, 769414656, 776105216, 782795776, 789486336, 796176896,
 802867456, 809558016, 816248576, 822939136, 829629696, 836320256, 843010816,
 849701376, 856391936, 863082496, 869773056, 876463616, 883154176, 889844736,
 896535296, 903225856, 909916416, 916606976, 923297536, 929988096, 936678656,
 943369216, 950059776, 956750336, 963440896, 970131456, 976822016, 983512576,
 990203136, 996893696, 1003584256, 1010274816, 1016965376, 1023655936,
 1030346496, 1037037056, 1043727616, 1050418176, 1057108736, 1063799296,
 1070489856, 1077180416, 1083870976, 1090561536, 1097252096, 1103942656,
 1110633216, 1117323776, 1124014336, 1130704896, 1137395456, 1144086016,
 1150776576, 1157467136, 1164157696, 1170848256, 1177538816, 1184229376,
 1190919936, 1197610496, 1204301056, 1210991616, 1217682176, 1224372736,
 1231063296, 1237753856, 1244444416, 1251134976, 1257825536, 1264516096,
 1271206656, 1277897216, 1284587776, 1291278336, 1297968896, 1304659456,
 1311350016, 1318040576, 1324731136, 1331421696, 1338112256, 1344802816,
 1351493376, 1358183936, 1364874496, 1371565056, 1378255616, 1384946176,
 1391636736, 1398327296, 1405017856, 1411708416, 1418398976, 1425089536,
 1431780096, 1438470656, 1445161216, 1451851776, 1458542336, 1465232896,
 1471923456, 1478614016, 1485304576, 1491995136, 1498685696, 1505376256,
 1512066816, 1518757376, 1525447936, 1532138496, 1538829056, 1545519616,
 1552210176, 1558900736, 1565591296, 1572281856, 1578972416, 1585662976,
 1592353536, 1599044096, 1605734656, 1612425216, 1619115776, 1625806336,
 1632496896, 1639187456, 1645878016, 1652568576, 1659259136, 1665949696,
 1672640256, 1679330816, 1686021376, 1692711936, 1699402496, 1706093056,
 1712783616, 1719474176, 1726164736, 1732855296, 1739545856, 1746236416,
 1752926976, 1759617536, 1766308096, 1772998656, 1779689216, 1786379776,
 1793070336, 1799760896, 1806451456, 1813142016, 1819832576, 1826523136,
 1833213696, 1839904256, 1846594816, 1853285376, 1859975936, 1866666496,
 1873357056, 1880047616, 1886738176, 1893428736, 1900119296, 1906809856,
 1913500416, 1920190976, 1926881536, 1933572096, 1940262656, 1946953216,
Finished Mon Feb 5 15:40:16 UTC 2024
