/dev/rsd2d: 471624.0MB in 965885952 sectors of 512 bytes
580 cylinder groups of 814.44MB, 26062 blocks, 52224 inodes each
super-block backups (for fsck -b #) at:
 192, 1668160, 3336128, 5004096, 6672064, 8340032, 10008000, 11675968,
 13343936, 15011904, 16679872, 18347840, 20015808, 21683776, 23351744,
 25019712, 26687680, 28355648, 30023616, 31691584, 33359552, 35027520,
 36695488, 38363456, 40031424, 41699392, 43367360, 45035328, 46703296,
 48371264, 50039232, 51707200, 53375168, 55043136, 56711104, 58379072,
 60047040, 61715008, 63382976, 65050944, 66718912, 68386880, 70054848,
 71722816, 73390784, 75058752, 76726720, 78394688, 80062656, 81730624,
 83398592, 85066560, 86734528, 88402496, 90070464, 91738432, 93406400,
 95074368, 96742336, 98410304, 100078272, 101746240, 103414208, 105082176,
 106750144, 108418112, 110086080, 111754048, 113422016, 115089984, 116757952,
 118425920, 120093888, 121761856, 123429824, 125097792, 126765760, 128433728,
 130101696, 131769664, 133437632, 135105600, 136773568, 138441536, 140109504,
 141777472, 143445440, 145113408, 146781376, 148449344, 150117312, 151785280,
 153453248, 155121216, 156789184, 158457152, 160125120, 161793088, 163461056,
 165129024, 166796992, 168464960, 170132928, 171800896, 173468864, 175136832,
 176804800, 178472768, 180140736, 181808704, 183476672, 185144640, 186812608,
 188480576, 190148544, 191816512, 193484480, 195152448, 196820416, 198488384,
 200156352, 201824320, 203492288, 205160256, 206828224, 208496192, 210164160,
 211832128, 213500096, 215168064, 216836032, 218504000, 220171968, 221839936,
 223507904, 225175872, 226843840, 228511808, 230179776, 231847744, 233515712,
 235183680, 236851648, 238519616, 240187584, 241855552, 243523520, 245191488,
 246859456, 248527424, 250195392, 251863360, 253531328, 255199296, 256867264,
 258535232, 260203200, 261871168, 263539136, 265207104, 266875072, 268543040,
 270211008, 271878976, 273546944, 275214912, 276882880, 278550848, 280218816,
 281886784, 283554752, 285222720, 286890688, 288558656, 290226624, 291894592,
 293562560, 295230528, 296898496, 298566464, 300234432, 301902400, 303570368,
 305238336, 306906304, 308574272, 310242240, 311910208, 313578176, 315246144,
 316914112, 318582080, 320250048, 321918016, 323585984, 325253952, 326921920,
 328589888, 330257856, 331925824, 333593792, 335261760, 336929728, 338597696,
 340265664, 341933632, 343601600, 345269568, 346937536, 348605504, 350273472,
 351941440, 353609408, 355277376, 356945344, 358613312, 360281280, 361949248,
 363617216, 365285184, 366953152, 368621120, 370289088, 371957056, 373625024,
 375292992, 376960960, 378628928, 380296896, 381964864, 383632832, 385300800,
 386968768, 388636736, 390304704, 391972672, 393640640, 395308608, 396976576,
 398644544, 400312512, 401980480, 403648448, 405316416, 406984384, 408652352,
 410320320, 411988288, 413656256, 415324224, 416992192, 418660160, 420328128,
 421996096, 423664064, 425332032, 427000000, 428667968, 430335936, 432003904,
 433671872, 435339840, 437007808, 438675776, 440343744, 442011712, 443679680,
 445347648, 447015616, 448683584, 450351552, 452019520, 453687488, 455355456,
 457023424, 458691392, 460359360, 462027328, 463695296, 465363264, 467031232,
 468699200, 470367168, 472035136, 473703104, 475371072, 477039040, 478707008,
 480374976, 482042944, 483710912, 485378880, 487046848, 488714816, 490382784,
 492050752, 493718720, 495386688, 497054656, 498722624, 500390592, 502058560,
 503726528, 505394496, 507062464, 508730432, 510398400, 512066368, 513734336,
 515402304, 517070272, 518738240, 520406208, 522074176, 523742144, 525410112,
 527078080, 528746048, 530414016, 532081984, 533749952, 535417920, 537085888,
 538753856, 540421824, 542089792, 543757760, 545425728, 547093696, 548761664,
 550429632, 552097600, 553765568, 555433536, 557101504, 558769472, 560437440,
 562105408, 563773376, 565441344, 567109312, 568777280, 570445248, 572113216,
 573781184, 575449152, 577117120, 578785088, 580453056, 582121024, 583788992,
 585456960, 587124928, 588792896, 590460864, 592128832, 593796800, 595464768,
 597132736, 598800704, 600468672, 602136640, 603804608, 605472576, 607140544,
 608808512, 610476480, 612144448, 613812416, 615480384, 617148352, 618816320,
 620484288, 622152256, 623820224, 625488192, 627156160, 628824128, 630492096,
 632160064, 633828032, 635496000, 637163968, 638831936, 640499904, 642167872,
 643835840, 645503808, 647171776, 648839744, 650507712, 652175680, 653843648,
 655511616, 657179584, 658847552, 660515520, 662183488, 663851456, 665519424,
 667187392, 668855360, 670523328, 672191296, 673859264, 675527232, 677195200,
 678863168, 680531136, 682199104, 683867072, 685535040, 687203008, 688870976,
 690538944, 692206912, 693874880, 695542848, 697210816, 698878784, 700546752,
 702214720, 703882688, 705550656, 707218624, 708886592, 710554560, 712222528,
 713890496, 715558464, 717226432, 718894400, 720562368, 722230336, 723898304,
 725566272, 727234240, 728902208, 730570176, 732238144, 733906112, 735574080,
 737242048, 738910016, 740577984, 742245952, 743913920, 745581888, 747249856,
 748917824, 750585792, 752253760, 753921728, 755589696, 757257664, 758925632,
 760593600, 762261568, 763929536, 765597504, 767265472, 768933440, 770601408,
 772269376, 773937344, 775605312, 777273280, 778941248, 780609216, 782277184,
 783945152, 785613120, 787281088, 788949056, 790617024, 792284992, 793952960,
 795620928, 797288896, 798956864, 800624832, 802292800, 803960768, 805628736,
 807296704, 808964672, 810632640, 812300608, 813968576, 815636544, 817304512,
 818972480, 820640448, 822308416, 823976384, 825644352, 827312320, 828980288,
 830648256, 832316224, 833984192, 835652160, 837320128, 838988096, 840656064,
 842324032, 843992000, 845659968, 847327936, 848995904, 850663872, 852331840,
 853999808, 855667776, 857335744, 859003712, 860671680, 862339648, 864007616,
 865675584, 867343552, 869011520, 870679488, 872347456, 874015424, 875683392,
 877351360, 879019328, 880687296, 882355264, 884023232, 885691200, 887359168,
 889027136, 890695104, 892363072, 894031040, 895699008, 897366976, 899034944,
 900702912, 902370880, 904038848, 905706816, 907374784, 909042752, 910710720,
 912378688, 914046656, 915714624, 917382592, 919050560, 920718528, 922386496,
 924054464, 925722432, 927390400, 929058368, 930726336, 932394304, 934062272,
 935730240, 937398208, 939066176, 940734144, 942402112, 944070080, 945738048,
 947406016, 949073984, 950741952, 952409920, 954077888, 955745856, 957413824,
 959081792, 960749760, 962417728, 964085696, 965753664,
